c:\users\noobesgt\desktop\intergang\imgui directx 9 hook\x64\debug\vc141.pdb
c:\users\noobesgt\desktop\intergang\imgui directx 9 hook\x64\debug\vc141.idb
c:\users\noobesgt\desktop\intergang\imgui directx 9 hook\x64\debug\phook.obj
c:\users\noobesgt\desktop\intergang\imgui directx 9 hook\x64\debug\main.obj
c:\users\noobesgt\desktop\intergang\imgui directx 9 hook\x64\debug\imgui_widgets.obj
c:\users\noobesgt\desktop\intergang\imgui directx 9 hook\x64\debug\imgui_impl_win32.obj
c:\users\noobesgt\desktop\intergang\imgui directx 9 hook\x64\debug\imgui_impl_dx9.obj
c:\users\noobesgt\desktop\intergang\imgui directx 9 hook\x64\debug\imgui_draw.obj
c:\users\noobesgt\desktop\intergang\imgui directx 9 hook\x64\debug\imgui_demo.obj
c:\users\noobesgt\desktop\intergang\imgui directx 9 hook\x64\debug\imgui.obj
c:\users\noobesgt\desktop\intergang\imgui directx 9 hook\x64\debug\trampoline.obj
c:\users\noobesgt\desktop\intergang\imgui directx 9 hook\x64\debug\hook.obj
c:\users\noobesgt\desktop\intergang\imgui directx 9 hook\x64\debug\hde64.obj
c:\users\noobesgt\desktop\intergang\imgui directx 9 hook\x64\debug\hde32.obj
c:\users\noobesgt\desktop\intergang\imgui directx 9 hook\x64\debug\buffer.obj
c:\users\noobesgt\desktop\intergang\x64\debug\internal.dll
c:\users\noobesgt\desktop\intergang\x64\debug\internal.ilk
c:\users\noobesgt\desktop\intergang\x64\debug\internal.pdb
c:\users\noobesgt\desktop\intergang\imgui directx 9 hook\x64\debug\minhook.res
c:\users\noobesgt\desktop\intergang\imgui directx 9 hook\x64\debug\vc142.idb
c:\users\noobesgt\desktop\intergang\imgui directx 9 hook\x64\debug\vc142.pdb
c:\users\noobesgt\desktop\intergang\imgui directx 9 hook\x64\debug\internal.tlog\cl.command.1.tlog
c:\users\noobesgt\desktop\intergang\imgui directx 9 hook\x64\debug\internal.tlog\cl.read.1.tlog
c:\users\noobesgt\desktop\intergang\imgui directx 9 hook\x64\debug\internal.tlog\cl.write.1.tlog
c:\users\noobesgt\desktop\intergang\imgui directx 9 hook\x64\debug\internal.tlog\link.command.1.tlog
c:\users\noobesgt\desktop\intergang\imgui directx 9 hook\x64\debug\internal.tlog\link.read.1.tlog
c:\users\noobesgt\desktop\intergang\imgui directx 9 hook\x64\debug\internal.tlog\link.write.1.tlog
c:\users\noobesgt\desktop\intergang\imgui directx 9 hook\x64\debug\internal.tlog\rc.command.1.tlog
c:\users\noobesgt\desktop\intergang\imgui directx 9 hook\x64\debug\internal.tlog\rc.read.1.tlog
c:\users\noobesgt\desktop\intergang\imgui directx 9 hook\x64\debug\internal.tlog\rc.write.1.tlog
